<?xml version="1.0" encoding="UTF-8"?>
<testng-results ignored="0" total="1" passed="1" failed="0" skipped="0">
  <reporter-output>
  </reporter-output>
  <suite started-at="2021-07-15T03:05:12 IST" name="Default suite" finished-at="2021-07-15T03:05:22 IST" duration-ms="10022">
    <groups>
    </groups>
    <test started-at="2021-07-15T03:05:12 IST" name="Default test" finished-at="2021-07-15T03:05:22 IST" duration-ms="10022">
      <class name="BasicApiTest">
        <test-method signature="getRequest()[pri:0, instance:BasicApiTest@69fb6037]" started-at="2021-07-15T03:05:12 IST" name="getRequest" finished-at="2021-07-15T03:05:22 IST" duration-ms="9972" status="PASS">
          <reporter-output>
          </reporter-output>
        </test-method> <!-- getRequest -->
      </class> <!-- BasicApiTest -->
    </test> <!-- Default test -->
  </suite> <!-- Default suite -->
</testng-results>
